<?xml version="1.0" encoding="UTF-8"?>
<testng-results skipped="0" failed="0" ignored="0" total="1" passed="1">
  <reporter-output>
  </reporter-output>
  <suite name="Suite" duration-ms="5201" started-at="2021-02-23T05:05:40 UTC" finished-at="2021-02-23T05:05:45 UTC">
    <groups>
    </groups>
    <test name="Test" duration-ms="5201" started-at="2021-02-23T05:05:40 UTC" finished-at="2021-02-23T05:05:45 UTC">
      <class name="Test.LoginTest">
        <test-method status="PASS" signature="setup()[pri:0, instance:Test.LoginTest@711f39f9]" name="setup" is-config="true" duration-ms="1669" started-at="2021-02-23T05:05:40 UTC" finished-at="2021-02-23T05:05:42 UTC">
          <reporter-output>
          </reporter-output>
        </test-method> <!-- setup -->
        <test-method status="PASS" signature="testcase1(java.lang.String, java.lang.String)[pri:0, instance:Test.LoginTest@711f39f9]" name="testcase1" duration-ms="3127" started-at="2021-02-23T05:05:42 UTC" finished-at="2021-02-23T05:05:45 UTC">
          <params>
            <param index="0">
              <value>
                <![CDATA[abc@xyz.com]]>
              </value>
            </param>
            <param index="1">
              <value>
                <![CDATA[1234]]>
              </value>
            </param>
          </params>
          <reporter-output>
          </reporter-output>
        </test-method> <!-- testcase1 -->
        <test-method status="PASS" signature="teardown()[pri:0, instance:Test.LoginTest@711f39f9]" name="teardown" is-config="true" duration-ms="367" started-at="2021-02-23T05:05:45 UTC" finished-at="2021-02-23T05:05:45 UTC">
          <reporter-output>
          </reporter-output>
        </test-method> <!-- teardown -->
      </class> <!-- Test.LoginTest -->
    </test> <!-- Test -->
  </suite> <!-- Suite -->
</testng-results>
